<?xml version="1.0" encoding="UTF-8"?>
<!-- Generated by org.testng.reporters.JUnitReportReporter -->
<testsuite skipped="0" hostname="Dzhamsheds-MacBook-Pro.local" name="com.class01.HomeWork2" tests="1" failures="0" timestamp="2020-05-27T14:34:31 PDT" time="20.596" errors="0">
  <testcase name="ligin" time="20.596" classname="com.class01.HomeWork2"/>
  <system-out/>
</testsuite> <!-- com.class01.HomeWork2 -->
