<?xml version="1.0" encoding="UTF-8"?>
<!-- Generated by org.testng.reporters.JUnitReportReporter -->
<testsuite skipped="0" hostname="Dzhamsheds-MacBook-Pro.local" name="com.class0_1.LoginTest" tests="1" failures="0" timestamp="2020-06-05T19:02:52 PDT" time="22.341" errors="0">
  <testcase name="validLogin" time="22.341" classname="com.class0_1.LoginTest"/>
  <system-out/>
</testsuite> <!-- com.class0_1.LoginTest -->
