<?xml version="1.0" encoding="UTF-8"?>
<!-- Generated by org.testng.reporters.JUnitReportReporter -->
<testsuite skipped="0" hostname="Dzhamsheds-MacBook-Pro.local" name="com.test.AddEmployeeTest" tests="2" failures="0" timestamp="2020-05-30T11:33:50 PDT" time="24.834" errors="0">
  <testcase name="addEmployeePage" time="11.280" classname="com.test.AddEmployeeTest"/>
  <system-out/>
  <testcase name="addEmployeePage1" time="13.554" classname="com.test.AddEmployeeTest"/>
  <system-out/>
</testsuite> <!-- com.test.AddEmployeeTest -->
