<?xml version="1.0" encoding="UTF-8"?>
<!-- Generated by org.testng.reporters.JUnitReportReporter -->
<testsuite skipped="0" hostname="Dzhamsheds-MacBook-Pro.local" name="com.test.LoginTest" tests="3" failures="0" timestamp="2020-06-01T10:05:35 PDT" time="30.905" errors="0">
  <testcase name="invalidPasswordLogin" time="11.204" classname="com.test.LoginTest"/>
  <system-out/>
  <testcase name="emptyUsernameLogin" time="8.879" classname="com.test.LoginTest"/>
  <system-out/>
  <testcase name="validAdminLogin" time="10.822" classname="com.test.LoginTest"/>
  <system-out/>
</testsuite> <!-- com.test.LoginTest -->
