<?xml version="1.0" encoding="UTF-8"?>
<!-- Generated by org.testng.reporters.JUnitReportReporter -->
<testsuite skipped="0" hostname="Dzhamsheds-MacBook-Pro.local" name="com.class01.DifferentAnnotations" tests="1" failures="0" timestamp="2020-05-28T12:18:39 PDT" time="0.038" errors="0">
  <testcase name="test" time="0.038" classname="com.class01.DifferentAnnotations"/>
  <system-out/>
</testsuite> <!-- com.class01.DifferentAnnotations -->
