<?xml version="1.0" encoding="UTF-8"?>
<!-- Generated by org.testng.reporters.JUnitReportReporter -->
<testsuite skipped="0" hostname="Dzhamsheds-MacBook-Pro.local" name="com.class01.TitleLogoAndLoginValidation" tests="3" failures="0" timestamp="2020-05-20T11:35:09 PDT" time="31.772" errors="0">
  <testcase name="logoValidation" time="10.306" classname="com.class01.TitleLogoAndLoginValidation"/>
  <system-out/>
  <testcase name="titleValidation" time="8.079" classname="com.class01.TitleLogoAndLoginValidation"/>
  <system-out/>
  <testcase name="validLogin" time="13.387" classname="com.class01.TitleLogoAndLoginValidation"/>
  <system-out/>
</testsuite> <!-- com.class01.TitleLogoAndLoginValidation -->
