<?xml version="1.0" encoding="UTF-8"?>
<!-- Generated by org.testng.reporters.JUnitReportReporter -->
<testsuite skipped="0" hostname="Dzhamsheds-MacBook-Pro.local" name="com.class01.Task2" tests="3" failures="0" timestamp="2020-05-20T11:26:19 PDT" time="0.086" errors="0">
  <testcase name="test3" time="0.012" classname="com.class01.Task2"/>
  <system-out/>
  <testcase name="test2" time="0.022" classname="com.class01.Task2"/>
  <system-out/>
  <testcase name="test1" time="0.052" classname="com.class01.Task2"/>
  <system-out/>
</testsuite> <!-- com.class01.Task2 -->
