<?xml version="1.0" encoding="UTF-8"?>
<!-- Generated by org.testng.reporters.JUnitReportReporter -->
<testsuite skipped="0" hostname="Dzhamsheds-MacBook-Pro.local" name="com.class01.TestNGDemo" tests="3" failures="0" timestamp="2020-05-19T16:11:55 PDT" time="0.015" errors="0">
  <testcase name="testOne" time="0.009" classname="com.class01.TestNGDemo"/>
  <system-out/>
  <testcase name="testTwo" time="0.003" classname="com.class01.TestNGDemo"/>
  <system-out/>
  <testcase name="testTree" time="0.003" classname="com.class01.TestNGDemo"/>
  <system-out/>
</testsuite> <!-- com.class01.TestNGDemo -->
