<?xml version="1.0" encoding="UTF-8"?>
<!-- Generated by org.testng.reporters.JUnitReportReporter -->
<testsuite skipped="0" hostname="Dzhamsheds-MacBook-Pro.local" name="com.class02.AddEmpolyee" tests="1" failures="0" timestamp="2020-05-23T07:23:48 PDT" time="13.167" errors="0">
  <testcase name="employeeAdd" time="13.167" classname="com.class02.AddEmpolyee"/>
  <system-out/>
</testsuite> <!-- com.class02.AddEmpolyee -->
