<?xml version="1.0" encoding="UTF-8"?>
<!-- Generated by org.testng.reporters.JUnitReportReporter -->
<testsuite skipped="0" hostname="Dzhamsheds-MacBook-Pro.local" name="com.class0_1.DataProvida" tests="3" failures="0" timestamp="2020-06-04T18:23:21 PDT" time="0.039" errors="0">
  <testcase name="addEmp" time="0.017" classname="com.class0_1.DataProvida"/>
  <system-out/>
  <testcase name="addEmp" time="0.010" classname="com.class0_1.DataProvida"/>
  <system-out/>
  <testcase name="addEmp" time="0.012" classname="com.class0_1.DataProvida"/>
  <system-out/>
</testsuite> <!-- com.class0_1.DataProvida -->
