<?xml version="1.0" encoding="UTF-8"?>
<!-- Generated by org.testng.reporters.JUnitReportReporter -->
<testsuite skipped="0" hostname="Dzhamsheds-MacBook-Pro.local" name="com.class03.GroupDemo" tests="4" failures="0" timestamp="2020-06-02T22:26:55 PDT" time="0.042" errors="0">
  <testcase name="test1" time="0.001" classname="com.class03.GroupDemo"/>
  <system-out/>
  <testcase name="test3" time="0.024" classname="com.class03.GroupDemo"/>
  <system-out/>
  <testcase name="test4" time="0.008" classname="com.class03.GroupDemo"/>
  <system-out/>
  <testcase name="test2" time="0.009" classname="com.class03.GroupDemo"/>
  <system-out/>
</testsuite> <!-- com.class03.GroupDemo -->
