<?xml version="1.0" encoding="UTF-8"?>
<!-- Generated by org.testng.reporters.JUnitReportReporter -->
<testsuite skipped="0" hostname="Dzhamsheds-MacBook-Pro.local" name="com.class01.HomeWork1" tests="1" failures="0" timestamp="2020-05-27T14:34:21 PDT" time="17.982" errors="0">
  <testcase name="login" time="17.982" classname="com.class01.HomeWork1"/>
  <system-out/>
</testsuite> <!-- com.class01.HomeWork1 -->
