<?xml version="1.0" encoding="UTF-8"?>
<!-- Generated by org.testng.reporters.JUnitReportReporter -->
<testsuite skipped="0" hostname="Dzhamsheds-MacBook-Pro.local" name="com.class02.AssertionDemo" tests="1" failures="0" timestamp="2020-05-20T18:10:00 PDT" time="4.140" errors="0">
  <testcase name="titleValidation" time="4.140" classname="com.class02.AssertionDemo"/>
  <system-out/>
</testsuite> <!-- com.class02.AssertionDemo -->
