<?xml version="1.0" encoding="UTF-8"?>
<!-- Generated by org.testng.reporters.JUnitReportReporter -->
<testsuite skipped="0" hostname="Dzhamsheds-MacBook-Pro.local" name="com.class03.HomeWorkTestNG" tests="5" failures="0" timestamp="2020-06-02T23:33:18 PDT" time="97.823" errors="0">
  <testcase name="addEmployee" time="19.784" classname="com.class03.HomeWorkTestNG"/>
  <system-out/>
  <testcase name="addEmployee" time="18.942" classname="com.class03.HomeWorkTestNG"/>
  <system-out/>
  <testcase name="addEmployee" time="20.720" classname="com.class03.HomeWorkTestNG"/>
  <system-out/>
  <testcase name="addEmployee" time="19.474" classname="com.class03.HomeWorkTestNG"/>
  <system-out/>
  <testcase name="addEmployee" time="18.903" classname="com.class03.HomeWorkTestNG"/>
  <system-out/>
</testsuite> <!-- com.class03.HomeWorkTestNG -->
